2022-09-14 10:51:34,535: INFO [dss.auxiliaries.logging] app_ussp_mission.py 1.3.0 v1.3.0-32-g666a8f6
2022-09-14 10:51:34,537: INFO [dss.auxiliaries.logging] arguments: ['--crm=10.44.160.10:16300', '--app_ip=10.44.163.22', '--mission=../../../rise_drones_dev/mission/missions/USSP_SAAB_CAMERA1.json', '--stdout', '--log=info', '--capabilities', 'RTK', 'VIDEO']
2022-09-14 10:51:34,564: INFO [dss.client.client_lib] DSS client_lib v1.3.0-32-g666a8f6
2022-09-14 10:51:34,593: INFO [dss.client.crm_api] CRM crm_api v1.3.0-32-g666a8f6
2022-09-14 10:51:34,600: INFO [dss.app_ussp_mission] Reply socket is listening on: 16346
2022-09-14 10:51:35,411: INFO [dss.app_ussp_mission] App da259 listening on *:16346
2022-09-14 10:51:35,412: INFO [dss.app_ussp_mission] App registered with CRM: da259
2022-09-14 10:51:35,413: INFO [dss.app_ussp_mission] App connecting to USSP: ussp.itn.liu.se
2022-09-14 10:51:35,414: INFO [dss.client.ussp_client_lib] U-space Client Lib
2022-09-14 10:51:35,415: INFO [dss.client.ussp_client_api] USSP Client API
2022-09-14 10:51:35,706: INFO [dss.client.dss_api] DSS dss_api v1.3.0-32-g666a8f6
2022-09-14 10:51:36,330: INFO [dss.client.client_lib] Connection to DSS established on tcp://10.44.163.22:16332
2022-09-14 10:51:36,331: INFO [dss.app_ussp_mission] Connected as owner of drone: [dss252]
2022-09-14 10:51:36,336: INFO [dss.app_ussp_mission] Setup dss info stream
2022-09-14 10:51:36,340: INFO [dss.app_ussp_mission] Waiting for the drone to stream its current position
2022-09-14 10:51:36,522: INFO [dss.app_ussp_mission] Start position received, altitude difference: -0.6163020324707063
2022-09-14 10:51:37,177: INFO [dss.app_ussp_mission] request plan sent, sleeping for 5.0 seconds
2022-09-14 10:51:42,607: INFO [dss.app_ussp_mission] status from get plan: authorized
2022-09-14 10:51:42,786: INFO [dss.app_ussp_mission] takeoff_height: 20.0
2022-09-14 10:51:43,036: INFO [dss.client.client_lib] arm and takeoff (height=20)
2022-09-14 10:51:59,353: INFO [dss.client.client_lib] Fly waypoints
2022-09-14 10:52:00,371: INFO [dss.client.client_lib] reached wp 0
2022-09-14 10:52:27,707: INFO [dss.client.client_lib] reached wp 1
2022-09-14 10:52:42,865: INFO [dss.client.client_lib] reached wp 2
2022-09-14 10:52:57,057: INFO [dss.client.client_lib] reached wp 3
2022-09-14 10:53:22,362: INFO [dss.client.client_lib] reached wp 4
2022-09-14 10:54:29,142: INFO [dss.client.client_lib] reached wp 5
2022-09-14 10:55:11,630: INFO [dss.client.client_lib] reached wp 6
2022-09-14 10:55:29,841: INFO [dss.client.client_lib] reached wp 7
2022-09-14 10:56:02,242: INFO [dss.client.client_lib] Waiting for dss to idle
2022-09-14 10:56:02,447: INFO [dss.client.ussp_client_lib] USSP Plan ended status: True
2022-09-14 10:56:02,449: ERROR [dss.app_ussp_mission] unexpected exception
Traceback (most recent call last):
  File "/home/pi/rise_drones/src/app/app_ussp_mission.py", line 616, in _main
    app.main()
  File "/home/pi/rise_drones/src/app/app_ussp_mission.py", line 575, in main
    self.authorized_plans.pop(route["plan ID"])
TypeError: 'str' object cannot be interpreted as an integer

2022-09-14 10:56:02,450: INFO [dss.app_ussp_mission] Closing down...
2022-09-14 10:56:02,451: INFO [dss.app_ussp_mission] Unregister from CRM
2022-09-14 10:56:02,646: INFO [dss.app_ussp_mission] Stopped thread and closed info socket
2022-09-14 10:56:02,738: INFO [dss.app_ussp_mission] CRM socket closed
2022-09-14 10:56:02,927: INFO [dss.app_ussp_mission] Reply socket closed, thread exit
2022-09-14 10:56:03,240: INFO [dss.app_ussp_mission] Closing socket to DSS
