2022-09-14 10:49:31,446: INFO [dss.auxiliaries.logging] app_ussp_mission.py 1.3.0 v1.3.0-32-g666a8f6
2022-09-14 10:49:31,449: INFO [dss.auxiliaries.logging] arguments: ['--crm=10.44.160.10:16300', '--app_ip=10.44.163.22', '--mission=../../../rise_drones_dev/mission/missions/USSP_SAAB_CAMERA1.json', '--stdout', '--log=info', '--capabilities', 'RTK', 'VIDEO']
2022-09-14 10:49:31,494: INFO [dss.client.client_lib] DSS client_lib v1.3.0-32-g666a8f6
2022-09-14 10:49:31,547: INFO [dss.client.crm_api] CRM crm_api v1.3.0-32-g666a8f6
2022-09-14 10:49:31,557: INFO [dss.app_ussp_mission] Reply socket is listening on: 16326
2022-09-14 10:49:32,320: INFO [dss.app_ussp_mission] App da258 listening on *:16326
2022-09-14 10:49:32,321: INFO [dss.app_ussp_mission] App registered with CRM: da258
2022-09-14 10:49:32,322: INFO [dss.app_ussp_mission] App connecting to USSP: localhost
2022-09-14 10:49:32,324: INFO [dss.client.ussp_client_lib] U-space Client Lib
2022-09-14 10:49:32,325: INFO [dss.client.ussp_client_api] USSP Client API
2022-09-14 10:49:32,555: INFO [dss.client.dss_api] DSS dss_api v1.3.0-32-g666a8f6
2022-09-14 10:49:33,195: INFO [dss.client.client_lib] Connection to DSS established on tcp://10.44.163.22:16332
2022-09-14 10:49:33,196: INFO [dss.app_ussp_mission] Connected as owner of drone: [dss252]
2022-09-14 10:49:33,205: INFO [dss.app_ussp_mission] Setup dss info stream
2022-09-14 10:49:33,212: INFO [dss.app_ussp_mission] Waiting for the drone to stream its current position
2022-09-14 10:49:35,411: INFO [dss.auxiliaries.zmq] [req] [USSP-API-REQ] reconnecting...
2022-09-14 10:49:37,417: INFO [dss.auxiliaries.zmq] [req] [USSP-API-REQ] reconnecting...
2022-09-14 10:49:37,419: ERROR [dss.app_ussp_mission] NoAnswer when sending: {'request': 'query ground height', 'EPSG': 4979, 'at': [15.6600692, 58.4089617]} to localhost:5555
2022-09-14 10:49:37,420: INFO [dss.app_ussp_mission] Closing down...
2022-09-14 10:49:37,421: INFO [dss.app_ussp_mission] Unregister from CRM
2022-09-14 10:49:37,567: INFO [dss.app_ussp_mission] Reply socket closed, thread exit
2022-09-14 10:49:37,585: INFO [dss.app_ussp_mission] CRM socket closed
2022-09-14 10:49:37,656: INFO [dss.app_ussp_mission] Stopped thread and closed info socket
2022-09-14 10:49:38,086: INFO [dss.app_ussp_mission] Closing socket to DSS
