2022-09-14 15:23:16,480: INFO [dss.auxiliaries.logging] app_ussp_mission.py 1.3.0 v1.3.0-32-g666a8f6
2022-09-14 15:23:16,482: INFO [dss.auxiliaries.logging] arguments: ['--crm=10.44.160.10:16300', '--app_ip=10.44.163.22', '--mission=../../../rise_drones_dev/mission/missions/USSP_SAAB_CAMERA_first_responder.json', '--stdout', '--log=info', '--capabilities', 'RTK', 'VIDEO', '--without-negotiation']
2022-09-14 15:23:16,516: INFO [dss.client.client_lib] DSS client_lib v1.3.0-32-g666a8f6
2022-09-14 15:23:16,546: INFO [dss.client.crm_api] CRM crm_api v1.3.0-32-g666a8f6
2022-09-14 15:23:16,552: INFO [dss.app_ussp_mission] Reply socket is listening on: 16323
2022-09-14 15:23:17,547: INFO [dss.app_ussp_mission] App da269 listening on *:16323
2022-09-14 15:23:17,548: INFO [dss.app_ussp_mission] App registered with CRM: da269
2022-09-14 15:23:17,549: INFO [dss.app_ussp_mission] App connecting to USSP: ussp.itn.liu.se
2022-09-14 15:23:17,551: INFO [dss.client.ussp_client_lib] U-space Client Lib
2022-09-14 15:23:17,551: INFO [dss.client.ussp_client_api] USSP Client API
2022-09-14 15:23:17,874: INFO [dss.client.dss_api] DSS dss_api v1.3.0-32-g666a8f6
2022-09-14 15:23:18,502: INFO [dss.client.client_lib] Connection to DSS established on tcp://10.44.163.22:16314
2022-09-14 15:23:18,503: INFO [dss.app_ussp_mission] Connected as owner of drone: [dss266]
2022-09-14 15:23:18,508: INFO [dss.app_ussp_mission] Setup dss info stream
2022-09-14 15:23:18,511: INFO [dss.app_ussp_mission] Waiting for the drone to stream its current position
2022-09-14 15:23:19,382: INFO [dss.app_ussp_mission] Start position received, altitude difference: -0.44317565917968693
2022-09-14 15:23:21,022: INFO [dss.auxiliaries.zmq] [da269] [req] reconnecting...
2022-09-14 15:23:21,024: ERROR [dss.app_ussp_mission] NoAnswer when sending: {'fcn': 'upload_mission_LLA', 'id': 'da269', 'mission': {'id0': {'lat': 58.40946129427022, 'lon': 15.659288752837597, 'alt': 25, 'heading': 'course', 'alt_type': 'relative', 'speed': 5.0}, 'id1': {'lat': 58.40946129427022, 'lon': 15.659288752837597, 'alt': 15, 'heading': 'course', 'alt_type': 'relative', 'speed': 5.0}, 'status': 'pending', 'speed': 5.0}} to 10.44.163.22:16314
2022-09-14 15:23:21,025: INFO [dss.app_ussp_mission] Closing down...
2022-09-14 15:23:21,026: INFO [dss.app_ussp_mission] Unregister from CRM
2022-09-14 15:23:21,164: INFO [dss.app_ussp_mission] Stopped thread and closed info socket
2022-09-14 15:23:21,450: WARNING [dss.auxiliaries.zmq] [req] [crm] no response to heartbeat (1)
2022-09-14 15:23:21,452: INFO [dss.app_ussp_mission] CRM socket closed
2022-09-14 15:23:21,562: INFO [dss.app_ussp_mission] Reply socket closed, thread exit
2022-09-14 15:23:21,955: INFO [dss.app_ussp_mission] Closing socket to DSS
2022-09-14 15:23:23,030: INFO [dss.auxiliaries.zmq] [da269] [req] reconnecting...
