id:587
user_name:10.44.163.70
user_id:10.44.163.70-c3deec0af89e4903
script:APP: responder SAAB
start_time:1663162014617
command:/home/pi/rise_drones_dev/start_scripts/app_responder_saab.sh
output_format:terminal
exit_code:-15
>>>>>  OUTPUT STARTED <<<<<
Configuration file found at "/home/pi/.rise_drones/.config"
2022-09-14 15:26:56,010: INFO [dss.auxiliaries.logging] app_ussp_mission.py 1.3.0 v1.3.0-32-g666a8f6
2022-09-14 15:26:56,011: INFO [dss.auxiliaries.logging] arguments: ['--crm=10.44.160.10:16300', '--app_ip=10.44.163.22', '--mission=../../../rise_drones_dev/mission/missions/USSP_SAAB_CAMERA_first_responder.json', '--stdout', '--log=info', '--capabilities', 'RTK', 'VIDEO', '--without-negotiation']
2022-09-14 15:26:56,040: INFO [dss.client.client_lib] DSS client_lib v1.3.0-32-g666a8f6
2022-09-14 15:26:56,072: INFO [dss.client.crm_api] CRM crm_api v1.3.0-32-g666a8f6
2022-09-14 15:26:56,079: INFO [dss.app_ussp_mission] Reply socket is listening on: 16327
2022-09-14 15:26:56,960: INFO [dss.app_ussp_mission] App da273 listening on *:16327
2022-09-14 15:26:56,961: INFO [dss.app_ussp_mission] App registered with CRM: da273
2022-09-14 15:26:56,962: INFO [dss.app_ussp_mission] App connecting to USSP: ussp.itn.liu.se
2022-09-14 15:26:56,962: INFO [dss.client.ussp_client_lib] U-space Client Lib
2022-09-14 15:26:56,963: INFO [dss.client.ussp_client_api] USSP Client API

>> STOPPED BY USER
