id:589
user_name:10.44.163.70
user_id:10.44.163.70-c3deec0af89e4903
script:APP: responder SAAB
start_time:1663162172691
command:/home/pi/rise_drones_dev/start_scripts/app_responder_saab.sh
output_format:terminal
exit_code:-15
>>>>>  OUTPUT STARTED <<<<<
Configuration file found at "/home/pi/.rise_drones/.config"
2022-09-14 15:29:34,016: INFO [dss.auxiliaries.logging] app_ussp_mission.py 1.3.0 v1.3.0-32-g666a8f6
2022-09-14 15:29:34,017: INFO [dss.auxiliaries.logging] arguments: ['--crm=10.44.160.10:16300', '--app_ip=10.44.163.22', '--mission=../../../rise_drones_dev/mission/missions/USSP_SAAB_CAMERA_first_responder.json', '--stdout', '--log=info', '--capabilities', 'RTK', 'VIDEO', '--without-negotiation']
2022-09-14 15:29:34,045: INFO [dss.client.client_lib] DSS client_lib v1.3.0-32-g666a8f6
2022-09-14 15:29:34,075: INFO [dss.client.crm_api] CRM crm_api v1.3.0-32-g666a8f6
2022-09-14 15:29:34,082: INFO [dss.app_ussp_mission] Reply socket is listening on: 16322
2022-09-14 15:29:34,988: INFO [dss.app_ussp_mission] App da275 listening on *:16322
2022-09-14 15:29:34,989: INFO [dss.app_ussp_mission] App registered with CRM: da275
2022-09-14 15:29:34,990: INFO [dss.app_ussp_mission] App connecting to USSP: ussp.itn.liu.se
2022-09-14 15:29:34,991: INFO [dss.client.ussp_client_lib] U-space Client Lib
2022-09-14 15:29:34,991: INFO [dss.client.ussp_client_api] USSP Client API

>> STOPPED BY USER
